app/build/intermediates/manifest_merge_blame_file/debug/processDebugMainManifest/manifest-merger-blame-debug-report.txt
1<?xml version="1.0" encoding="utf-8"?>
2<manifest xmlns:android="http://schemas.android.com/apk/res/android"
3    package="com.livecopilot"
4    android:versionCode="1"
5    android:versionName="1.0" >
6
7    <uses-sdk
8        android:minSdkVersion="26"
9        android:targetSdkVersion="34" />
10
11    <uses-permission android:name="android.permission.SYSTEM_ALERT_WINDOW" />
11-->src/main/AndroidManifest.xml:4:5-78
11-->src/main/AndroidManifest.xml:4:22-75
12    <uses-permission android:name="android.permission.FOREGROUND_SERVICE" />
12-->src/main/AndroidManifest.xml:5:5-77
12-->src/main/AndroidManifest.xml:5:22-74
13
14    <permission
14-->[androidx.core:core:1.12.0] AndroidManifest.xml:22:5-24:47
15        android:name="com.livecopilot.DYNAMIC_RECEIVER_NOT_EXPORTED_PERMISSION"
15-->[androidx.core:core:1.12.0] AndroidManifest.xml:23:9-81
16        android:protectionLevel="signature" />
16-->[androidx.core:core:1.12.0] AndroidManifest.xml:24:9-44
17
18    <uses-permission android:name="com.livecopilot.DYNAMIC_RECEIVER_NOT_EXPORTED_PERMISSION" />
18-->[androidx.core:core:1.12.0] AndroidManifest.xml:26:5-97
18-->[androidx.core:core:1.12.0] AndroidManifest.xml:26:22-94
19
20    <application
20-->src/main/AndroidManifest.xml:7:5-33:19
21        android:allowBackup="true"
21-->src/main/AndroidManifest.xml:8:9-35
22        android:appComponentFactory="androidx.core.app.CoreComponentFactory"
22-->[androidx.core:core:1.12.0] AndroidManifest.xml:28:18-86
23        android:debuggable="true"
24        android:extractNativeLibs="false"
25        android:icon="@mipmap/ic_launcher"
25-->src/main/AndroidManifest.xml:9:9-43
26        android:label="LiveCopilot"
26-->src/main/AndroidManifest.xml:10:9-36
27        android:roundIcon="@mipmap/ic_launcher_round"
27-->src/main/AndroidManifest.xml:11:9-54
28        android:supportsRtl="true"
28-->src/main/AndroidManifest.xml:12:9-35
29        android:theme="@style/Theme.LiveCopilot" >
29-->src/main/AndroidManifest.xml:13:9-49
30        <activity
30-->src/main/AndroidManifest.xml:14:9-21:20
31            android:name="com.livecopilot.MainActivity"
31-->src/main/AndroidManifest.xml:15:13-41
32            android:exported="true" >
32-->src/main/AndroidManifest.xml:16:13-36
33            <intent-filter>
33-->src/main/AndroidManifest.xml:17:13-20:29
34                <action android:name="android.intent.action.MAIN" />
34-->src/main/AndroidManifest.xml:18:17-69
34-->src/main/AndroidManifest.xml:18:25-66
35
36                <category android:name="android.intent.category.LAUNCHER" />
36-->src/main/AndroidManifest.xml:19:17-77
36-->src/main/AndroidManifest.xml:19:27-74
37            </intent-filter>
38        </activity>
39
40        <service
40-->src/main/AndroidManifest.xml:22:9-26:63
41            android:name="com.livecopilot.OverlayService"
41-->src/main/AndroidManifest.xml:23:13-43
42            android:enabled="true"
42-->src/main/AndroidManifest.xml:24:13-35
43            android:exported="false"
43-->src/main/AndroidManifest.xml:25:13-37
44            android:foregroundServiceType="mediaProjection" />
44-->src/main/AndroidManifest.xml:26:13-60
45
46        <activity
46-->src/main/AndroidManifest.xml:28:9-31:58
47            android:name="com.livecopilot.SettingsActivity"
47-->src/main/AndroidManifest.xml:29:13-45
48            android:exported="false"
48-->src/main/AndroidManifest.xml:30:13-37
49            android:parentActivityName="com.livecopilot.MainActivity" />
49-->src/main/AndroidManifest.xml:31:13-55
50
51        <provider
51-->[androidx.emoji2:emoji2:1.2.0] AndroidManifest.xml:24:9-32:20
52            android:name="androidx.startup.InitializationProvider"
52-->[androidx.emoji2:emoji2:1.2.0] AndroidManifest.xml:25:13-67
53            android:authorities="com.livecopilot.androidx-startup"
53-->[androidx.emoji2:emoji2:1.2.0] AndroidManifest.xml:26:13-68
54            android:exported="false" >
54-->[androidx.emoji2:emoji2:1.2.0] AndroidManifest.xml:27:13-37
55            <meta-data
55-->[androidx.emoji2:emoji2:1.2.0] AndroidManifest.xml:29:13-31:52
56                android:name="androidx.emoji2.text.EmojiCompatInitializer"
56-->[androidx.emoji2:emoji2:1.2.0] AndroidManifest.xml:30:17-75
57                android:value="androidx.startup" />
57-->[androidx.emoji2:emoji2:1.2.0] AndroidManifest.xml:31:17-49
58            <meta-data
58-->[androidx.lifecycle:lifecycle-process:2.6.1] AndroidManifest.xml:29:13-31:52
59                android:name="androidx.lifecycle.ProcessLifecycleInitializer"
59-->[androidx.lifecycle:lifecycle-process:2.6.1] AndroidManifest.xml:30:17-78
60                android:value="androidx.startup" />
60-->[androidx.lifecycle:lifecycle-process:2.6.1] AndroidManifest.xml:31:17-49
61            <meta-data
61-->[androidx.profileinstaller:profileinstaller:1.3.0] AndroidManifest.xml:29:13-31:52
62                android:name="androidx.profileinstaller.ProfileInstallerInitializer"
62-->[androidx.profileinstaller:profileinstaller:1.3.0] AndroidManifest.xml:30:17-85
63                android:value="androidx.startup" />
63-->[androidx.profileinstaller:profileinstaller:1.3.0] AndroidManifest.xml:31:17-49
64        </provider>
65
66        <receiver
66-->[androidx.profileinstaller:profileinstaller:1.3.0] AndroidManifest.xml:34:9-52:20
67            android:name="androidx.profileinstaller.ProfileInstallReceiver"
67-->[androidx.profileinstaller:profileinstaller:1.3.0] AndroidManifest.xml:35:13-76
68            android:directBootAware="false"
68-->[androidx.profileinstaller:profileinstaller:1.3.0] AndroidManifest.xml:36:13-44
69            android:enabled="true"
69-->[androidx.profileinstaller:profileinstaller:1.3.0] AndroidManifest.xml:37:13-35
70            android:exported="true"
70-->[androidx.profileinstaller:profileinstaller:1.3.0] AndroidManifest.xml:38:13-36
71            android:permission="android.permission.DUMP" >
71-->[androidx.profileinstaller:profileinstaller:1.3.0] AndroidManifest.xml:39:13-57
72            <intent-filter>
72-->[androidx.profileinstaller:profileinstaller:1.3.0] AndroidManifest.xml:40:13-42:29
73                <action android:name="androidx.profileinstaller.action.INSTALL_PROFILE" />
73-->[androidx.profileinstaller:profileinstaller:1.3.0] AndroidManifest.xml:41:17-91
73-->[androidx.profileinstaller:profileinstaller:1.3.0] AndroidManifest.xml:41:25-88
74            </intent-filter>
75            <intent-filter>
75-->[androidx.profileinstaller:profileinstaller:1.3.0] AndroidManifest.xml:43:13-45:29
76                <action android:name="androidx.profileinstaller.action.SKIP_FILE" />
76-->[androidx.profileinstaller:profileinstaller:1.3.0] AndroidManifest.xml:44:17-85
76-->[androidx.profileinstaller:profileinstaller:1.3.0] AndroidManifest.xml:44:25-82
77            </intent-filter>
78            <intent-filter>
78-->[androidx.profileinstaller:profileinstaller:1.3.0] AndroidManifest.xml:46:13-48:29
79                <action android:name="androidx.profileinstaller.action.SAVE_PROFILE" />
79-->[androidx.profileinstaller:profileinstaller:1.3.0] AndroidManifest.xml:47:17-88
79-->[androidx.profileinstaller:profileinstaller:1.3.0] AndroidManifest.xml:47:25-85
80            </intent-filter>
81            <intent-filter>
81-->[androidx.profileinstaller:profileinstaller:1.3.0] AndroidManifest.xml:49:13-51:29
82                <action android:name="androidx.profileinstaller.action.BENCHMARK_OPERATION" />
82-->[androidx.profileinstaller:profileinstaller:1.3.0] AndroidManifest.xml:50:17-95
82-->[androidx.profileinstaller:profileinstaller:1.3.0] AndroidManifest.xml:50:25-92
83            </intent-filter>
84        </receiver>
85    </application>
86
87</manifest>